c:\dev\git\c++\breakout\breakout\x64\debug\vc142.pdb
c:\dev\git\c++\breakout\breakout\x64\debug\vc142.idb
c:\dev\git\c++\breakout\breakout\x64\debug\breakout.obj
c:\dev\git\c++\breakout\breakout\x64\debug\openal32.dll
c:\dev\git\c++\breakout\breakout\x64\debug\sfml-audio-2.dll
c:\dev\git\c++\breakout\breakout\x64\debug\sfml-audio-d-2.dll
c:\dev\git\c++\breakout\breakout\x64\debug\sfml-graphics-2.dll
c:\dev\git\c++\breakout\breakout\x64\debug\sfml-graphics-d-2.dll
c:\dev\git\c++\breakout\breakout\x64\debug\sfml-network-2.dll
c:\dev\git\c++\breakout\breakout\x64\debug\sfml-network-d-2.dll
c:\dev\git\c++\breakout\breakout\x64\debug\sfml-system-2.dll
c:\dev\git\c++\breakout\breakout\x64\debug\sfml-system-d-2.dll
c:\dev\git\c++\breakout\breakout\x64\debug\sfml-window-2.dll
c:\dev\git\c++\breakout\breakout\x64\debug\sfml-window-d-2.dll
c:\dev\git\c++\breakout\breakout\x64\debug\breakout.exe
c:\dev\git\c++\breakout\breakout\x64\debug\breakout.ilk
c:\dev\git\c++\breakout\breakout\x64\debug\breakout.pdb
c:\dev\git\c++\breakout\breakout\x64\debug\breakout.tlog\cl.command.1.tlog
c:\dev\git\c++\breakout\breakout\x64\debug\breakout.tlog\cl.read.1.tlog
c:\dev\git\c++\breakout\breakout\x64\debug\breakout.tlog\cl.write.1.tlog
c:\dev\git\c++\breakout\breakout\x64\debug\breakout.tlog\copyfile.command.1.tlog
c:\dev\git\c++\breakout\breakout\x64\debug\breakout.tlog\copyfile.read.1.tlog
c:\dev\git\c++\breakout\breakout\x64\debug\breakout.tlog\copyfile.write.1.tlog
c:\dev\git\c++\breakout\breakout\x64\debug\breakout.tlog\link.command.1.tlog
c:\dev\git\c++\breakout\breakout\x64\debug\breakout.tlog\link.read.1.tlog
c:\dev\git\c++\breakout\breakout\x64\debug\breakout.tlog\link.write.1.tlog
